<?xml version="1.0" encoding="UTF-8"?>
<!-- Generated by org.testng.reporters.JUnitReportReporter -->
<testsuite hostname="Sreekanth-PC" name="testCases.UrlVerification" tests="1" failures="0" timestamp="25 Mar 2018 05:27:37 GMT" time="65.717" errors="0">
  <testcase name="loginTest" time="65.717" classname="testCases.UrlVerification"/>
</testsuite> <!-- testCases.UrlVerification -->
