<?xml version="1.0" encoding="UTF-8"?>
<!-- Generated by org.testng.reporters.JUnitReportReporter -->
<testsuite hostname="Sreekanth-PC" name="testCases.LoginVerfication" tests="1" failures="0" timestamp="7 Apr 2018 14:54:46 GMT" time="107.496" errors="0">
  <testcase name="loginTest" time="107.496" classname="testCases.LoginVerfication"/>
</testsuite> <!-- testCases.LoginVerfication -->
